<?xml version="1.0" encoding="UTF-8"?>
<!-- Generated by org.testng.reporters.JUnitReportReporter -->
<testsuite hostname="DESKTOP-48ME6A4" failures="0" tests="2" name="testcases.LoginTest" time="39.953" errors="0" timestamp="02 Mar 2024 17:20:22 GMT" skipped="0">
  <testcase classname="testcases.LoginTest" name="LoginSuccessTest" time="16.301"/>
  <testcase classname="testcases.LoginTest" name="LoginFailiureTest" time="23.652"/>
</testsuite> <!-- testcases.LoginTest -->
